[79694:259:0613/174625.917043:WARNING:chrome_main_delegate.cc(593)] This is Chrome version 114.0.5735.106 (not a warning)
[79694:259:0613/174627.178854:INFO:chrome_browser_cloud_management_controller.cc(167)] Starting CBCM Controller Initialization
[79694:259:0613/174627.190579:INFO:chrome_browser_cloud_management_controller.cc(195)] No machine level policy manager exists.
[79694:259:0613/174637.043731:INFO:CONSOLE(127)] "Failed to execute 'postMessage' on 'DOMWindow': The target origin provided ('https://apply.indeed.com') does not match the recipient window's origin ('https://www.indeed.com').", source: https://c03.s3.indeed.com/indeedapply/s/99242e1/indeedapply-compiled.js (127)
[79694:259:0613/174637.043838:INFO:CONSOLE(127)] "Failed to execute 'postMessage' on 'DOMWindow': The target origin provided ('https://apply.indeed.com') does not match the recipient window's origin ('https://www.indeed.com').", source: https://c03.s3.indeed.com/indeedapply/s/99242e1/indeedapply-compiled.js (127)
[79694:259:0613/174640.080938:INFO:CONSOLE(127)] "Failed to execute 'postMessage' on 'DOMWindow': The target origin provided ('https://apply.indeed.com') does not match the recipient window's origin ('https://www.indeed.com').", source: https://c03.s3.indeed.com/indeedapply/s/99242e1/indeedapply-compiled.js (127)
[79694:259:0613/174640.081261:INFO:CONSOLE(127)] "Failed to execute 'postMessage' on 'DOMWindow': The target origin provided ('https://apply.indeed.com') does not match the recipient window's origin ('https://www.indeed.com').", source: https://c03.s3.indeed.com/indeedapply/s/99242e1/indeedapply-compiled.js (127)
[79694:259:0613/174644.141191:INFO:CONSOLE(1)] "Canvas2D: Multiple readback operations using getImageData are faster with the willReadFrequently attribute set to true. See: https://html.spec.whatwg.org/multipage/canvas.html#concept-canvas-will-read-frequently", source:  (1)
[79694:259:0613/174644.181128:INFO:CONSOLE(1)] "Canvas2D: Multiple readback operations using getImageData are faster with the willReadFrequently attribute set to true. See: https://html.spec.whatwg.org/multipage/canvas.html#concept-canvas-will-read-frequently", source:  (1)
[79694:259:0613/174646.323418:INFO:CONSOLE(0)] "The resource https://apply.indeed.com/indeedapply/s/bffba53018d640c1f5a8/scripts/accountCheck.js was preloaded using link preload but not used within a few seconds from the window's load event. Please make sure it has an appropriate `as` value and it is preloaded intentionally.", source: https://www.indeed.com/jobs?q=Software+QA&l=Los+Angeles%2C+CA&from=searchOnHP&vjk=84e16dd109ced1f1 (0)
[79694:259:0613/174646.323533:INFO:CONSOLE(0)] "The resource https://apply.indeed.com/indeedapply/s/b9805813693bda4c05e1/styles/accountCheck-janus.css was preloaded using link preload but not used within a few seconds from the window's load event. Please make sure it has an appropriate `as` value and it is preloaded intentionally.", source: https://www.indeed.com/jobs?q=Software+QA&l=Los+Angeles%2C+CA&from=searchOnHP&vjk=84e16dd109ced1f1 (0)
[79694:259:0613/174646.323605:INFO:CONSOLE(0)] "The resource https://apply.indeed.com/indeedapply/s/65b8aac69127cfd1623a/scripts/applyForm.js was preloaded using link preload but not used within a few seconds from the window's load event. Please make sure it has an appropriate `as` value and it is preloaded intentionally.", source: https://www.indeed.com/jobs?q=Software+QA&l=Los+Angeles%2C+CA&from=searchOnHP&vjk=84e16dd109ced1f1 (0)
[79694:259:0613/174646.323666:INFO:CONSOLE(0)] "The resource https://apply.indeed.com/indeedapply/s/f888c4613449c03526c6/styles/applyForm-janus.css was preloaded using link preload but not used within a few seconds from the window's load event. Please make sure it has an appropriate `as` value and it is preloaded intentionally.", source: https://www.indeed.com/jobs?q=Software+QA&l=Los+Angeles%2C+CA&from=searchOnHP&vjk=84e16dd109ced1f1 (0)
[79694:259:0613/174651.439239:INFO:CONSOLE(1)] "Canvas2D: Multiple readback operations using getImageData are faster with the willReadFrequently attribute set to true. See: https://html.spec.whatwg.org/multipage/canvas.html#concept-canvas-will-read-frequently", source:  (1)
[79694:259:0613/174651.468022:INFO:CONSOLE(1)] "Canvas2D: Multiple readback operations using getImageData are faster with the willReadFrequently attribute set to true. See: https://html.spec.whatwg.org/multipage/canvas.html#concept-canvas-will-read-frequently", source:  (1)
[79694:259:0613/174652.036436:INFO:CONSOLE(1)] "Canvas2D: Multiple readback operations using getImageData are faster with the willReadFrequently attribute set to true. See: https://html.spec.whatwg.org/multipage/canvas.html#concept-canvas-will-read-frequently", source:  (1)
[79694:259:0613/174652.060928:INFO:CONSOLE(1)] "Canvas2D: Multiple readback operations using getImageData are faster with the willReadFrequently attribute set to true. See: https://html.spec.whatwg.org/multipage/canvas.html#concept-canvas-will-read-frequently", source:  (1)
[79694:259:0613/174652.394411:INFO:CONSOLE(127)] "Failed to execute 'postMessage' on 'DOMWindow': The target origin provided ('https://apply.indeed.com') does not match the recipient window's origin ('https://www.indeed.com').", source: https://c03.s3.indeed.com/indeedapply/s/99242e1/indeedapply-compiled.js (127)
[79694:259:0613/174652.394553:INFO:CONSOLE(127)] "Failed to execute 'postMessage' on 'DOMWindow': The target origin provided ('https://apply.indeed.com') does not match the recipient window's origin ('https://www.indeed.com').", source: https://c03.s3.indeed.com/indeedapply/s/99242e1/indeedapply-compiled.js (127)
[79694:259:0613/174652.635362:WARNING:download_manager_impl.cc(706)] A download with the same GUID already exists, the new request is ignored.
[79694:259:0613/174652.699805:WARNING:download_manager_impl.cc(706)] A download with the same GUID already exists, the new request is ignored.
[79694:259:0613/174653.277451:WARNING:controller_impl.cc(1188)] Background download complete, client: 6, completion type: 0, file size:883094
[79694:259:0613/174655.075666:INFO:CONSOLE(1)] "Canvas2D: Multiple readback operations using getImageData are faster with the willReadFrequently attribute set to true. See: https://html.spec.whatwg.org/multipage/canvas.html#concept-canvas-will-read-frequently", source:  (1)
[79694:259:0613/174655.102062:INFO:CONSOLE(1)] "Canvas2D: Multiple readback operations using getImageData are faster with the willReadFrequently attribute set to true. See: https://html.spec.whatwg.org/multipage/canvas.html#concept-canvas-will-read-frequently", source:  (1)
[79694:259:0613/174704.511481:INFO:CONSOLE(1)] "Canvas2D: Multiple readback operations using getImageData are faster with the willReadFrequently attribute set to true. See: https://html.spec.whatwg.org/multipage/canvas.html#concept-canvas-will-read-frequently", source:  (1)
[79694:259:0613/174704.660956:INFO:CONSOLE(1)] "Canvas2D: Multiple readback operations using getImageData are faster with the willReadFrequently attribute set to true. See: https://html.spec.whatwg.org/multipage/canvas.html#concept-canvas-will-read-frequently", source:  (1)
[79694:259:0613/174709.026435:WARNING:pref_notifier_impl.cc(41)] Pref observer for media_router.cast_allow_all_ips found at shutdown.
